%!Adobe-FontList 1.24
%Locale:0xc0a

%BeginFont
Handler:DirectoryHandler
FontType:Type1
FontName:Halo-Dek
FamilyName:Halo Dek
StyleName:Regular
FullName:Halo Dek
MenuName:Halo Dek
StyleBits:0
WritingScript:Roman
OutlineFileName:C:\cuddlesandcut\public\Font\HaloDek.otf
DataFormat:sfntData
UsesStandardEncoding:yes
isCFF:yes
hasSVG:no
hasCOLR:no
VariableFontType:NonVariableFont
FileLength:31832
FileModTime:1759878077
WeightClass:400
WidthClass:5
AngleClass:0
NameArray:0,Mac,4,Halo Dek
NameArray:0,Win,1,Halo Dek
%EndFont

